<?xml version="1.0" encoding="UTF-8"?>
<!-- Generated by org.testng.reporters.JUnitXMLReporter -->
<testsuite hostname="DELL-PC" name="Test" tests="4" failures="4" timestamp="7 Feb 2020 10:32:04 GMT" time="12.318" errors="0">
  <testcase name="testRunner" time="10.088" classname="RESTAPITestCases.testCase1">
    <failure type="java.lang.AssertionError" message="expected [FINISHED] but found [FINISHED]">
      <![CDATA[java.lang.AssertionError: expected [FINISHED] but found [FINISHED]
	at RESTAPITestCases.testCase1.testRunner(testCase1.java:30)
... Removed 28 stack frames]]>
    </failure>
  </testcase> <!-- testRunner -->
  <testcase name="testRunner" time="2.061" classname="SoapUITestCases.testRunner3">
    <failure type="java.lang.AssertionError" message="expected [com.eviware.soapui.impl.wsdl.testcase.WsdlTestCaseRunner@1a562e0] but found [FINISHED]">
      <![CDATA[java.lang.AssertionError: expected [com.eviware.soapui.impl.wsdl.testcase.WsdlTestCaseRunner@1a562e0] but found [FINISHED]
	at SoapUITestCases.testRunner3.testRunner(testRunner3.java:28)
... Removed 28 stack frames]]>
    </failure>
  </testcase> <!-- testRunner -->
  <testcase name="testRunner" time="0.014" classname="SoapUITestCases.testCase2">
    <failure type="java.lang.NullPointerException">
      <![CDATA[java.lang.NullPointerException
	at SoapUITestCases.testCase2.testRunner(testCase2.java:28)
... Removed 24 stack frames]]>
    </failure>
  </testcase> <!-- testRunner -->
  <testcase name="testRunner" time="0.126" classname="RESTAPITestCases.RestAPITest">
    <failure type="java.lang.AssertionError" message="expected [FINISHED] but found [FINISHED]">
      <![CDATA[java.lang.AssertionError: expected [FINISHED] but found [FINISHED]
	at RESTAPITestCases.RestAPITest.testRunner(RestAPITest.java:30)
... Removed 28 stack frames]]>
    </failure>
  </testcase> <!-- testRunner -->
</testsuite> <!-- Test -->
