<?xml version="1.0" encoding="UTF-8"?>
<!-- Generated by org.testng.reporters.JUnitXMLReporter -->
<testsuite hostname="DELL-PC" ignored="1" name="Car Loan" tests="5" failures="0" timestamp="2019-09-22T07:23:28 IST" time="0.015" errors="0">
  <testcase name="LoginAPICarLoan" time="0.001" classname="test.TestCaseM3"/>
  <testcase name="MobileLoan" time="0.002" classname="test.TestCaseM3"/>
  <testcase name="MobileSigninCarLoan" time="0.001" classname="test.TestCaseM3"/>
  <testcase name="MobileSignoutCarLoan" time="0.001" classname="test.TestCaseM3"/>
  <testcase name="WebloginCarLoan" time="0.001" classname="test.TestCaseM3"/>
  <testcase name="MobileLoginCarLoan" time="0.0" classname="test.TestCaseM3">
    <ignored/>
  </testcase> <!-- MobileLoginCarLoan -->
</testsuite> <!-- Car Loan -->
