<?xml version="1.0" encoding="UTF-8"?>
<!-- Generated by org.testng.reporters.JUnitXMLReporter -->
<testsuite hostname="DELL-PC" ignored="2" name="Home Loan" tests="1" failures="0" timestamp="2019-09-22T07:01:27 IST" time="0.006" errors="0">
  <testcase name="LoginAPIHomeoan" time="0.002" classname="test.TestCaseM4"/>
  <testcase name="MobileLoginHomeLoan" time="0.0" classname="test.TestCaseM4">
    <ignored/>
  </testcase> <!-- MobileLoginHomeLoan -->
  <testcase name="WebloginHomeLoan" time="0.0" classname="test.TestCaseM4">
    <ignored/>
  </testcase> <!-- WebloginHomeLoan -->
</testsuite> <!-- Home Loan -->
