<?xml version="1.0" encoding="UTF-8"?>
<!-- Generated by org.testng.reporters.JUnitXMLReporter -->
<testsuite hostname="DELL-PC" ignored="0" name="moduelSOATesting" tests="5" failures="0" timestamp="2019-09-22T15:26:19 IST" time="0.116" errors="0">
  <testcase name="deleteKeytrol" time="0.02" classname="test.parameterisingTC08"/>
  <testcase name="getKeytrol" time="0.0" classname="test.parameterisingTC08"/>
  <testcase name="keytrolComplete" time="0.0" classname="test.parameterisingTC08"/>
  <testcase name="searchKeytrol" time="0.0" classname="test.parameterisingTC08"/>
  <testcase name="syncKeytrol" time="0.01" classname="test.parameterisingTC08"/>
</testsuite> <!-- moduelSOATesting -->
