<?xml version="1.0" encoding="UTF-8"?>
<!-- Generated by org.testng.reporters.JUnitXMLReporter -->
<testsuite hostname="DELL-PC" ignored="3" name="SmokeTest" tests="3" failures="0" timestamp="2019-09-22T08:01:40 IST" time="0.081" errors="0">
  <testcase name="test2" time="0.025" classname="test.TestCaseM1"/>
  <testcase name="test2" time="0.001" classname="test.TestCaseM2"/>
  <testcase name="LoginAPIHomeoan" time="0.002" classname="test.TestCaseM4"/>
  <testcase name="MobileLoginHomeLoan" time="0.0" classname="test.TestCaseM4">
    <ignored/>
  </testcase> <!-- MobileLoginHomeLoan -->
  <testcase name="WebloginHomeLoan" time="0.0" classname="test.TestCaseM4">
    <ignored/>
  </testcase> <!-- WebloginHomeLoan -->
  <testcase name="test1" time="0.0" classname="test.TestCaseM1">
    <ignored/>
  </testcase> <!-- test1 -->
</testsuite> <!-- SmokeTest -->
