<?xml version="1.0" encoding="UTF-8"?>
<!-- Generated by org.testng.reporters.JUnitXMLReporter -->
<testsuite hostname="DELL-PC" ignored="2" name="syncMessagesSOATesting" tests="6" failures="0" timestamp="2019-09-22T15:26:19 IST" time="0.033" errors="0">
  <testcase name="Activation" time="0.01" classname="test.helpAttributeEnabledTC07"/>
  <testcase name="charging" time="0.003" classname="test.helpAttributeEnabledTC07"/>
  <testcase name="deviceManagement" time="0.008" classname="test.helpAttributeEnabledTC07"/>
  <testcase name="orderManagement" time="0.003" classname="test.helpAttributeEnabledTC07"/>
  <testcase name="subscription" time="0.002" classname="test.helpAttributeEnabledTC07"/>
  <testcase name="userProfileManagement" time="0.003" classname="test.helpAttributeEnabledTC07"/>
  <testcase name="productCatlogue" time="0.0" classname="test.helpAttributeEnabledTC07">
    <ignored/>
  </testcase> <!-- productCatlogue -->
  <testcase name="billingHistory" time="0.0" classname="test.helpAttributeEnabledTC07">
    <ignored/>
  </testcase> <!-- billingHistory -->
</testsuite> <!-- syncMessagesSOATesting -->
