<?xml version="1.0" encoding="UTF-8"?>
<!-- Generated by org.testng.reporters.JUnitXMLReporter -->
<testsuite hostname="DELL-PC" ignored="0" name="Test" tests="6" failures="0" timestamp="2019-09-22T07:23:28 IST" time="0.092" errors="0">
  <testcase name="test1" time="0.007" classname="test.TestCaseM1"/>
  <testcase name="test2" time="0.004" classname="test.TestCaseM1"/>
  <testcase name="test2" time="0.003" classname="test.TestCaseM2"/>
  <testcase name="LoginAPIHomeoan" time="0.002" classname="test.TestCaseM4"/>
  <testcase name="MobileLoginHomeLoan" time="0.003" classname="test.TestCaseM4"/>
  <testcase name="WebloginHomeLoan" time="0.003" classname="test.TestCaseM4"/>
</testsuite> <!-- Test -->
